[1119/045631.975:ERROR:directory_reader_win.cc(43)] FindFirstFile: The system cannot find the path specified. (0x3)
[1119/045915.277:ERROR:directory_reader_win.cc(43)] FindFirstFile: The system cannot find the path specified. (0x3)
[1119/050010.613:ERROR:directory_reader_win.cc(43)] FindFirstFile: The system cannot find the path specified. (0x3)
[1119/050029.078:ERROR:directory_reader_win.cc(43)] FindFirstFile: The system cannot find the path specified. (0x3)
[1119/050143.228:ERROR:directory_reader_win.cc(43)] FindFirstFile: The system cannot find the path specified. (0x3)
[1119/050728.520:ERROR:directory_reader_win.cc(43)] FindFirstFile: The system cannot find the path specified. (0x3)
[1119/051440.871:ERROR:directory_reader_win.cc(43)] FindFirstFile: The system cannot find the path specified. (0x3)
[1119/051624.976:ERROR:directory_reader_win.cc(43)] FindFirstFile: The system cannot find the path specified. (0x3)
[1119/052511.139:ERROR:directory_reader_win.cc(43)] FindFirstFile: The system cannot find the path specified. (0x3)
[1119/052830.772:ERROR:directory_reader_win.cc(43)] FindFirstFile: The system cannot find the path specified. (0x3)
[1119/052836.395:ERROR:directory_reader_win.cc(43)] FindFirstFile: The system cannot find the path specified. (0x3)
[1119/053447.858:ERROR:directory_reader_win.cc(43)] FindFirstFile: The system cannot find the path specified. (0x3)
[1119/053612.331:ERROR:directory_reader_win.cc(43)] FindFirstFile: The system cannot find the path specified. (0x3)
[1119/053622.272:ERROR:directory_reader_win.cc(43)] FindFirstFile: The system cannot find the path specified. (0x3)
[1119/054232.740:ERROR:directory_reader_win.cc(43)] FindFirstFile: The system cannot find the path specified. (0x3)
[1119/054412.120:ERROR:directory_reader_win.cc(43)] FindFirstFile: The system cannot find the path specified. (0x3)
[1119/054422.146:ERROR:directory_reader_win.cc(43)] FindFirstFile: The system cannot find the path specified. (0x3)
[1119/055025.731:ERROR:directory_reader_win.cc(43)] FindFirstFile: The system cannot find the path specified. (0x3)
[1119/055044.581:ERROR:process_info.cc(359)] UncheckedAllocate
[1119/055044.646:ERROR:filesystem_win.cc(129)] GetFileAttributes C:\Users\Abhishek\AppData\Local\Temp\scoped_dir9468_300623341\Crashpad\attachments\98874ea5-06f7-4115-b553-da3f402ac88e: The system cannot find the path specified. (0x3)
[1119/055048.140:ERROR:process_info.cc(359)] UncheckedAllocate
[1119/055048.387:ERROR:filesystem_win.cc(129)] GetFileAttributes C:\Users\Abhishek\AppData\Local\Temp\scoped_dir13192_107589229\Crashpad\attachments\e6a16dfb-9bd8-495a-8d17-52f33eb92002: The system cannot find the path specified. (0x3)
[1119/055200.602:ERROR:directory_reader_win.cc(43)] FindFirstFile: The system cannot find the path specified. (0x3)
[1119/061512.493:ERROR:directory_reader_win.cc(43)] FindFirstFile: The system cannot find the path specified. (0x3)
[1119/061513.806:ERROR:directory_reader_win.cc(43)] FindFirstFile: The system cannot find the path specified. (0x3)
[1119/061517.575:ERROR:directory_reader_win.cc(43)] FindFirstFile: The system cannot find the path specified. (0x3)
[1119/062354.391:ERROR:directory_reader_win.cc(43)] FindFirstFile: The system cannot find the path specified. (0x3)
[1119/062355.497:ERROR:file_io_win.cc(171)] CreateFile C:\Users\Abhishek\AppData\Local\Temp\scoped_dir10424_23429049\Crashpad\reports\b227242a-058b-42af-8f00-6ee8812e5068.dmp: The system cannot find the path specified. (0x3)
[1119/062355.497:ERROR:crash_report_exception_handler.cc(99)] PrepareNewCrashReport failed
[1119/062355.523:ERROR:process_info.cc(359)] UncheckedAllocate
[1119/062355.562:ERROR:process_info.cc(359)] UncheckedAllocate
[1119/062355.864:ERROR:filesystem_win.cc(129)] GetFileAttributes C:\Users\Abhishek\AppData\Local\Temp\scoped_dir10356_77068589\Crashpad\attachments\d20dcff7-e9fe-45d6-8e7d-09ab57750db4: The system cannot find the path specified. (0x3)
[1119/062355.876:ERROR:filesystem_win.cc(129)] GetFileAttributes C:\Users\Abhishek\AppData\Local\Temp\scoped_dir812_1294439955\Crashpad\attachments\cfde32f5-f039-4f3f-9886-f82e2b8be91a: The system cannot find the path specified. (0x3)
[1119/062355.937:ERROR:directory_reader_win.cc(43)] FindFirstFile: The system cannot find the path specified. (0x3)
[1119/062409.941:ERROR:directory_reader_win.cc(43)] FindFirstFile: The system cannot find the path specified. (0x3)
[1119/063310.243:ERROR:directory_reader_win.cc(43)] FindFirstFile: The system cannot find the path specified. (0x3)
[1119/063316.448:ERROR:process_info.cc(359)] UncheckedAllocate
[1119/063316.517:ERROR:filesystem_win.cc(129)] GetFileAttributes C:\Users\Abhishek\AppData\Local\Temp\scoped_dir9960_1936152529\Crashpad\attachments\e8d986a4-cf68-4526-8c04-0119fe18e915: The system cannot find the path specified. (0x3)
[1119/063316.620:ERROR:process_info.cc(359)] UncheckedAllocate
[1119/063326.393:ERROR:file_io_win.cc(171)] CreateFile C:\Users\Abhishek\AppData\Local\Temp\scoped_dir12972_1360910580\Crashpad\reports\8fd76d9e-c27f-4b87-b91e-861358c7dea0.dmp: The system cannot find the path specified. (0x3)
[1119/063326.393:ERROR:crash_report_exception_handler.cc(99)] PrepareNewCrashReport failed
[1119/063326.649:ERROR:filesystem_win.cc(148)] DeleteFile C:\Users\Abhishek\AppData\Local\Temp\scoped_dir9012_1588677828\Crashpad\reports\6790904f-4c9a-4305-945b-f24381b87dd5.dmp: The process cannot access the file because it is being used by another process. (0x20)
[1119/070250.508:ERROR:directory_reader_win.cc(43)] FindFirstFile: The system cannot find the path specified. (0x3)
[1119/070256.383:ERROR:directory_reader_win.cc(43)] FindFirstFile: The system cannot find the path specified. (0x3)
[1119/070301.006:ERROR:directory_reader_win.cc(43)] FindFirstFile: The system cannot find the path specified. (0x3)
[1119/071118.397:ERROR:directory_reader_win.cc(43)] FindFirstFile: The system cannot find the path specified. (0x3)
[1119/071120.015:ERROR:directory_reader_win.cc(43)] FindFirstFile: The system cannot find the path specified. (0x3)
[1119/072120.584:ERROR:directory_reader_win.cc(43)] FindFirstFile: The system cannot find the path specified. (0x3)
[1119/072135.099:ERROR:directory_reader_win.cc(43)] FindFirstFile: The system cannot find the path specified. (0x3)
[1119/072138.324:ERROR:directory_reader_win.cc(43)] FindFirstFile: The system cannot find the path specified. (0x3)
[1119/072629.893:ERROR:file_io_win.cc(171)] CreateFile C:\Users\Abhishek\AppData\Local\Temp\scoped_dir1468_485842171\Crashpad\reports\0b4c7b54-a2ce-442c-ae49-fa21a6eaa8c2.dmp: There is not enough space on the disk. (0x70)
[1119/072629.895:ERROR:crash_report_exception_handler.cc(99)] PrepareNewCrashReport failed
[1119/073106.127:ERROR:directory_reader_win.cc(43)] FindFirstFile: The system cannot find the path specified. (0x3)
[1119/073113.413:ERROR:directory_reader_win.cc(43)] FindFirstFile: The system cannot find the path specified. (0x3)
[1119/073134.370:ERROR:directory_reader_win.cc(43)] FindFirstFile: The system cannot find the path specified. (0x3)
[1119/074040.488:ERROR:directory_reader_win.cc(43)] FindFirstFile: The system cannot find the path specified. (0x3)
[1119/074717.846:ERROR:directory_reader_win.cc(43)] FindFirstFile: The system cannot find the path specified. (0x3)
[1119/074736.932:ERROR:directory_reader_win.cc(43)] FindFirstFile: The system cannot find the path specified. (0x3)
[1119/083018.313:ERROR:directory_reader_win.cc(43)] FindFirstFile: The system cannot find the path specified. (0x3)
[1119/083021.346:ERROR:directory_reader_win.cc(43)] FindFirstFile: The system cannot find the path specified. (0x3)
[1119/083026.986:ERROR:directory_reader_win.cc(43)] FindFirstFile: The system cannot find the path specified. (0x3)
[1119/084143.863:ERROR:directory_reader_win.cc(43)] FindFirstFile: The system cannot find the path specified. (0x3)
[1119/084205.841:ERROR:directory_reader_win.cc(43)] FindFirstFile: The system cannot find the path specified. (0x3)
[1119/084406.274:ERROR:directory_reader_win.cc(43)] FindFirstFile: The system cannot find the path specified. (0x3)
[1119/085743.680:ERROR:directory_reader_win.cc(43)] FindFirstFile: The system cannot find the path specified. (0x3)
[1119/090934.220:ERROR:directory_reader_win.cc(43)] FindFirstFile: The system cannot find the path specified. (0x3)
[1119/092123.396:ERROR:directory_reader_win.cc(43)] FindFirstFile: The system cannot find the path specified. (0x3)
[1119/092128.841:ERROR:directory_reader_win.cc(43)] FindFirstFile: The system cannot find the path specified. (0x3)
[1119/092132.169:ERROR:directory_reader_win.cc(43)] FindFirstFile: The system cannot find the path specified. (0x3)
[1119/093432.053:ERROR:directory_reader_win.cc(43)] FindFirstFile: The system cannot find the path specified. (0x3)
[1119/094757.028:ERROR:directory_reader_win.cc(43)] FindFirstFile: The system cannot find the path specified. (0x3)
[1119/100404.818:ERROR:directory_reader_win.cc(43)] FindFirstFile: The system cannot find the path specified. (0x3)
[1120/030712.077:ERROR:directory_reader_win.cc(43)] FindFirstFile: The system cannot find the path specified. (0x3)
[1120/031753.246:ERROR:directory_reader_win.cc(43)] FindFirstFile: The system cannot find the path specified. (0x3)
[1120/031943.472:ERROR:directory_reader_win.cc(43)] FindFirstFile: The system cannot find the path specified. (0x3)
[1120/035316.818:ERROR:directory_reader_win.cc(43)] FindFirstFile: The system cannot find the path specified. (0x3)
[1120/035442.804:ERROR:directory_reader_win.cc(43)] FindFirstFile: The system cannot find the path specified. (0x3)
[1120/041202.737:ERROR:directory_reader_win.cc(43)] FindFirstFile: The system cannot find the path specified. (0x3)
[1120/041246.266:ERROR:directory_reader_win.cc(43)] FindFirstFile: The system cannot find the path specified. (0x3)
[1120/041912.453:ERROR:directory_reader_win.cc(43)] FindFirstFile: The system cannot find the path specified. (0x3)
[1120/041954.826:ERROR:directory_reader_win.cc(43)] FindFirstFile: The system cannot find the path specified. (0x3)
[1120/042559.943:ERROR:directory_reader_win.cc(43)] FindFirstFile: The system cannot find the path specified. (0x3)
[1120/042702.971:ERROR:directory_reader_win.cc(43)] FindFirstFile: The system cannot find the path specified. (0x3)
[1120/043835.144:ERROR:directory_reader_win.cc(43)] FindFirstFile: The system cannot find the path specified. (0x3)
[1120/043837.528:ERROR:directory_reader_win.cc(43)] FindFirstFile: The system cannot find the path specified. (0x3)
[1120/044559.019:ERROR:directory_reader_win.cc(43)] FindFirstFile: The system cannot find the path specified. (0x3)
[1120/044619.923:ERROR:directory_reader_win.cc(43)] FindFirstFile: The system cannot find the path specified. (0x3)
[1120/045300.217:ERROR:directory_reader_win.cc(43)] FindFirstFile: The system cannot find the path specified. (0x3)
[1120/045300.431:ERROR:directory_reader_win.cc(43)] FindFirstFile: The system cannot find the path specified. (0x3)
[1120/050008.352:ERROR:directory_reader_win.cc(43)] FindFirstFile: The system cannot find the path specified. (0x3)
[1120/050034.933:ERROR:directory_reader_win.cc(43)] FindFirstFile: The system cannot find the path specified. (0x3)
[1120/050844.289:ERROR:directory_reader_win.cc(43)] FindFirstFile: The system cannot find the path specified. (0x3)
[1120/050849.568:ERROR:directory_reader_win.cc(43)] FindFirstFile: The system cannot find the path specified. (0x3)
[1120/051527.901:ERROR:filesystem_win.cc(129)] GetFileAttributes C:\Users\Abhishek\AppData\Local\Temp\scoped_dir14768_1829442644\Crashpad\attachments\aa1eae63-33ea-4192-bab2-6c6ba43263de: The system cannot find the path specified. (0x3)
[1120/051642.183:ERROR:directory_reader_win.cc(43)] FindFirstFile: The system cannot find the path specified. (0x3)
[1120/051702.741:ERROR:directory_reader_win.cc(43)] FindFirstFile: The system cannot find the path specified. (0x3)
[1120/051809.027:ERROR:process_info.cc(359)] UncheckedAllocate
[1120/052539.499:ERROR:directory_reader_win.cc(43)] FindFirstFile: The system cannot find the path specified. (0x3)
[1120/053028.105:ERROR:directory_reader_win.cc(43)] FindFirstFile: The system cannot find the path specified. (0x3)
[1120/053616.240:ERROR:directory_reader_win.cc(43)] FindFirstFile: The system cannot find the path specified. (0x3)
[1120/053929.946:ERROR:directory_reader_win.cc(43)] FindFirstFile: The system cannot find the path specified. (0x3)
[1120/054206.018:ERROR:process_info.cc(359)] UncheckedAllocate
[1120/054206.176:ERROR:process_info.cc(359)] UncheckedAllocate
[1120/054206.287:ERROR:filesystem_win.cc(129)] GetFileAttributes C:\Users\Abhishek\AppData\Local\Temp\scoped_dir18076_714578819\Crashpad\attachments\c7f276f2-5205-41bf-8b4e-3d3f4bc491fa: The system cannot find the path specified. (0x3)
[1120/054222.813:ERROR:process_info.cc(359)] UncheckedAllocate
[1120/054234.983:ERROR:process_info.cc(359)] UncheckedAllocate
[1120/054246.990:ERROR:process_info.cc(359)] UncheckedAllocate
[1120/054247.113:ERROR:filesystem_win.cc(129)] GetFileAttributes C:\Users\Abhishek\AppData\Local\Temp\scoped_dir18804_1185998532\Crashpad\attachments\919429ea-f6d5-4ee9-8292-e5aeb055606a: The system cannot find the path specified. (0x3)
[1120/054341.888:ERROR:directory_reader_win.cc(43)] FindFirstFile: The system cannot find the path specified. (0x3)
[1121/053603.495:ERROR:directory_reader_win.cc(43)] FindFirstFile: The system cannot find the path specified. (0x3)
